2025-06-07 23:37:25,998 get started.
2025-06-07 23:37:25,998 run started.
2025-06-07 23:37:26,000 <function StandardizeData.run at 0x769c5eafe2a0> finished.
2025-06-07 23:37:26,000 get_answ started.
2025-06-07 23:37:26,002 <function StandardizeData.get_answ at 0x769c5eafe660> finished.
2025-06-07 23:37:26,002 <function IDProcessing.get at 0x769cdebd8cc0> finished.
2025-06-07 23:41:16,444 get started.
2025-06-07 23:41:16,444 run started.
2025-06-07 23:41:16,444 run_iqr started.
2025-06-07 23:41:16,446 <function DetectAndRemoveOutliers.run_iqr at 0x71e3bfebe840> finished.
2025-06-07 23:41:16,447 <function DetectAndRemoveOutliers.run at 0x71e4011f5260> finished.
2025-06-07 23:41:16,447 get_answ started.
2025-06-07 23:41:16,447 <function DetectAndRemoveOutliers.get_answ at 0x71e3bfebefc0> finished.
2025-06-07 23:41:16,448 <function IDProcessing.get at 0x71e43ff80cc0> finished.
<<<<<<< HEAD
2025-06-09 15:19:18,582 run started.
2025-06-09 15:19:18,618 <function CleanData.run at 0x000002200188C160> finished.
2025-06-09 15:19:18,769 info started.
2025-06-09 15:19:18,771 <function CleanData.info at 0x000002200188C310> finished.
2025-06-10 14:38:08,481 run started.
2025-06-10 14:38:13,560 run started.
2025-06-10 14:38:13,562 run_hampel started.
2025-06-10 14:38:13,580 <function DetectAndRemoveOutliers.run_hampel at 0x000001AE07EC0220> finished.
2025-06-10 14:38:13,590 <function DetectAndRemoveOutliers.run at 0x000001AE07E9BEC0> finished.
2025-06-10 14:38:13,881 info started.
2025-06-10 14:38:13,881 <function DetectAndRemoveOutliers.info at 0x000001AE07EC0720> finished.
2025-06-10 14:45:40,021 run started.
2025-06-10 14:45:40,030 <function CleanData.run at 0x000002C33A85C9A0> finished.
2025-06-10 14:45:40,221 info started.
2025-06-10 14:45:40,221 <function CleanData.info at 0x000002C33A85CAE0> finished.
2025-06-10 14:45:58,676 run started.
2025-06-10 14:46:01,469 run started.
2025-06-10 14:46:01,469 run_hampel started.
2025-06-10 14:46:01,588 <function DetectAndRemoveOutliers.run_hampel at 0x000002C33AD70220> finished.
2025-06-10 14:46:01,593 <function DetectAndRemoveOutliers.run at 0x000002C33AD4BEC0> finished.
2025-06-10 14:46:01,774 info started.
2025-06-10 14:46:01,774 <function DetectAndRemoveOutliers.info at 0x000002C33AD70720> finished.
2025-06-10 14:46:05,310 run started.
2025-06-10 14:46:08,816 run started.
2025-06-10 14:49:17,252 run started.
2025-06-10 21:12:58,844 run started.
2025-06-10 21:13:04,583 run started.
2025-06-10 21:13:04,583 run_hampel started.
2025-06-10 21:13:04,600 <function DetectAndRemoveOutliers.run_hampel at 0x0000026C3B830220> finished.
2025-06-10 21:13:04,608 <function DetectAndRemoveOutliers.run at 0x0000026C3B80BEC0> finished.
2025-06-10 21:13:04,815 info started.
2025-06-10 21:13:04,816 <function DetectAndRemoveOutliers.info at 0x0000026C3B830720> finished.
2025-06-11 11:56:58,058 run started.
2025-06-11 11:56:58,071 <function HandleMissingValues.run at 0x000001E32DEAD1C0> finished.
2025-06-11 11:56:58,316 info started.
2025-06-11 11:56:58,316 <function HandleMissingValues.info at 0x000001E32DEAD300> finished.
2025-06-11 11:57:23,468 run started.
2025-06-11 11:57:28,248 run started.
2025-06-11 11:57:36,130 run started.
2025-06-11 11:57:40,242 run started.
2025-06-11 11:57:43,816 run started.
2025-06-11 11:57:43,816 run_hampel started.
2025-06-11 11:57:43,830 <function DetectAndRemoveOutliers.run_hampel at 0x000001E32E3D0220> finished.
2025-06-11 11:57:43,837 <function DetectAndRemoveOutliers.run at 0x000001E32E3ABEC0> finished.
2025-06-11 11:57:43,924 info started.
2025-06-11 11:57:43,924 <function DetectAndRemoveOutliers.info at 0x000001E32E3D0720> finished.
2025-06-11 11:57:56,746 run started.
2025-06-11 11:58:02,041 run started.
2025-06-11 11:58:05,495 run started.
2025-06-11 11:58:21,290 run started.
2025-06-15 12:36:46,353 run started.
2025-06-15 12:36:46,369 run_skewness started.
2025-06-15 12:36:46,369 <function DetectAndRemoveOutliers.run_skewness at 0x00000217BBD90680> finished.
2025-06-15 12:36:46,385 <function DetectAndRemoveOutliers.run at 0x00000217BBD900E0> finished.
2025-06-15 12:36:46,385 info started.
2025-06-15 12:36:46,385 <function DetectAndRemoveOutliers.info at 0x00000217BBD90900> finished.
2025-06-15 13:04:28,983 run started.
2025-06-15 13:04:28,999 <function NormalizeData.run at 0x000001AE8EC7A020> finished.
2025-06-15 13:04:28,999 info started.
2025-06-15 13:04:28,999 <function NormalizeData.info at 0x000001AE8ECDECA0> finished.
=======
2025-06-12 16:56:57,701 get started.
2025-06-12 16:56:57,702 run started.
2025-06-12 16:56:57,702 run_iqr started.
2025-06-12 16:56:57,705 <function DetectAndRemoveOutliers.run_iqr at 0x7729ba56e840> finished.
2025-06-12 16:56:57,706 <function DetectAndRemoveOutliers.run at 0x772a02505260> finished.
2025-06-12 16:56:57,706 get_answ started.
2025-06-12 16:56:57,707 <function DetectAndRemoveOutliers.get_answ at 0x7729ba56efc0> finished.
2025-06-12 16:56:57,708 <function IDProcessing.get at 0x772a3a684cc0> finished.
2025-06-12 16:57:29,177 get started.
2025-06-12 17:00:00,399 get started.
2025-06-12 17:02:24,627 get started.
2025-06-12 17:07:00,604 get started.
2025-06-12 17:07:11,566 get started.
2025-06-12 17:07:11,566 run started.
2025-06-12 17:07:11,566 run_iqr started.
2025-06-12 17:07:11,567 <function DetectAndRemoveOutliers.run_iqr at 0x73ab226de840> finished.
2025-06-12 17:07:11,568 <function DetectAndRemoveOutliers.run at 0x73ab67d01260> finished.
2025-06-12 17:07:11,568 get_answ started.
2025-06-12 17:07:11,569 <function DetectAndRemoveOutliers.get_answ at 0x73ab226defc0> finished.
2025-06-12 17:07:11,569 <function IDProcessing.get at 0x73aba27d8cc0> finished.
2025-06-12 17:07:18,323 get started.
2025-06-12 17:08:09,647 get started.
2025-06-12 17:08:09,647 run started.
2025-06-12 17:08:09,650 <function NormalizeData.run at 0x7c5ba3105440> finished.
2025-06-12 17:08:09,650 get_answ started.
2025-06-12 17:08:09,650 <function NormalizeData.get_answ at 0x7c5b5875a0c0> finished.
2025-06-12 17:08:09,651 <function IDProcessing.get at 0x7c5bd8ae0cc0> finished.
2025-06-12 17:08:16,509 get started.
2025-06-12 17:08:16,509 run started.
2025-06-12 17:08:16,509 <function HandleMissingValues.run at 0x7c5ba3104e00> finished.
2025-06-12 17:08:16,509 get_answ started.
2025-06-12 17:08:16,509 <function HandleMissingValues.get_answ at 0x7c5ba3105080> finished.
2025-06-12 17:08:16,509 <function IDProcessing.get at 0x7c5bd8ae0cc0> finished.
2025-06-12 17:08:22,299 get started.
2025-06-12 17:08:22,299 run started.
2025-06-12 17:08:22,299 run_iqr started.
2025-06-12 17:08:22,300 <function DetectAndRemoveOutliers.run_iqr at 0x7c5b5875a700> finished.
2025-06-12 17:08:22,300 <function DetectAndRemoveOutliers.run at 0x7c5ba3105260> finished.
2025-06-12 17:08:22,300 get_answ started.
2025-06-12 17:08:22,300 <function DetectAndRemoveOutliers.get_answ at 0x7c5b5875ae80> finished.
2025-06-12 17:08:22,300 <function IDProcessing.get at 0x7c5bd8ae0cc0> finished.
2025-06-12 18:46:55,945 stared
2025-06-12 19:19:31,070 stared
2025-06-12 19:59:34,211 get started.
2025-06-12 19:59:34,211 run started.
2025-06-12 19:59:34,255 <function CleanData.run at 0x7905070391c0> finished.
2025-06-12 19:59:34,255 get_answ started.
2025-06-12 19:59:34,255 <function CleanData.get_answ at 0x7904c875c900> finished.
2025-06-12 19:59:34,255 <function IDProcessing.get at 0x790507038e00> finished.
2025-06-12 19:59:45,291 get started.
2025-06-12 19:59:45,291 run started.
2025-06-12 19:59:45,291 <function HandleMissingValues.run at 0x7904c875cc20> finished.
2025-06-12 19:59:45,291 get_answ started.
2025-06-12 19:59:45,291 <function HandleMissingValues.get_answ at 0x7904c875cea0> finished.
2025-06-12 19:59:45,291 <function IDProcessing.get at 0x790507038e00> finished.
2025-06-12 20:02:04,052 get started.
2025-06-12 20:02:04,052 run started.
2025-06-12 20:02:04,052 <function CleanData.run at 0x750010cd11c0> finished.
2025-06-12 20:02:04,052 get_answ started.
2025-06-12 20:02:04,052 <function CleanData.get_answ at 0x74ffd8d4c900> finished.
2025-06-12 20:02:04,053 <function IDProcessing.get at 0x750010cd0e00> finished.
2025-06-12 20:03:46,964 get started.
2025-06-12 20:03:46,964 run started.
2025-06-12 20:03:46,964 <function CleanData.run at 0x750010cd11c0> finished.
2025-06-12 20:03:46,964 get_answ started.
2025-06-12 20:03:46,964 <function CleanData.get_answ at 0x74ffd8d4c900> finished.
2025-06-12 20:03:46,964 <function IDProcessing.get at 0x750010cd0e00> finished.
2025-06-12 20:03:55,909 get started.
2025-06-12 20:03:55,909 run started.
2025-06-12 20:03:55,909 <function CleanData.run at 0x750010cd11c0> finished.
2025-06-12 20:03:55,909 get_answ started.
2025-06-12 20:03:55,909 <function CleanData.get_answ at 0x74ffd8d4c900> finished.
2025-06-12 20:03:55,909 <function IDProcessing.get at 0x750010cd0e00> finished.
2025-06-12 20:08:59,127 get started.
2025-06-12 20:08:59,127 run started.
2025-06-12 20:08:59,127 <function CleanData.run at 0x750010cd11c0> finished.
2025-06-12 20:08:59,128 get_answ started.
2025-06-12 20:08:59,128 <function CleanData.get_answ at 0x74ffd8d4c900> finished.
2025-06-12 20:08:59,128 <function IDProcessing.get at 0x750010cd0e00> finished.
2025-06-12 20:09:55,464 get started.
2025-06-12 20:09:55,465 run started.
2025-06-12 20:09:55,465 <function CleanData.run at 0x750010cd11c0> finished.
2025-06-12 20:09:55,465 get_answ started.
2025-06-12 20:09:55,465 <function CleanData.get_answ at 0x74ffd8d4c900> finished.
2025-06-12 20:09:55,465 <function IDProcessing.get at 0x750010cd0e00> finished.
2025-06-12 20:10:48,370 get started.
2025-06-12 20:10:48,370 run started.
2025-06-12 20:10:48,370 <function CleanData.run at 0x7a32386311c0> finished.
2025-06-12 20:10:48,370 get_answ started.
2025-06-12 20:10:48,370 <function CleanData.get_answ at 0x7a31f993c900> finished.
2025-06-12 20:10:48,371 <function IDProcessing.get at 0x7a3238630e00> finished.
2025-06-12 20:11:20,689 get started.
2025-06-12 20:11:20,689 run started.
2025-06-12 20:11:20,689 <function CleanData.run at 0x7a32386311c0> finished.
2025-06-12 20:11:20,689 get_answ started.
2025-06-12 20:11:20,689 <function CleanData.get_answ at 0x7a31f993c900> finished.
2025-06-12 20:11:20,689 <function IDProcessing.get at 0x7a3238630e00> finished.
2025-06-12 20:11:48,850 get started.
2025-06-12 20:11:48,851 run started.
2025-06-12 20:11:48,851 <function CleanData.run at 0x713ab63291c0> finished.
2025-06-12 20:11:48,851 get_answ started.
2025-06-12 20:11:48,851 <function CleanData.get_answ at 0x713a7753c900> finished.
2025-06-12 20:11:48,851 <function IDProcessing.get at 0x713ab6328e00> finished.
2025-06-12 20:13:46,505 get started.
2025-06-12 20:13:46,505 run started.
2025-06-12 20:13:46,520 <function CleanData.run at 0x713ab63291c0> finished.
2025-06-12 20:13:46,520 get_answ started.
2025-06-12 20:13:46,520 <function CleanData.get_answ at 0x713a7753c900> finished.
2025-06-12 20:13:46,660 <function IDProcessing.get at 0x713ab6328e00> finished.
2025-06-12 20:14:11,169 get started.
2025-06-12 20:14:11,170 run started.
2025-06-12 20:14:11,183 <function CleanData.run at 0x713ab63291c0> finished.
2025-06-12 20:14:11,183 get_answ started.
2025-06-12 20:14:11,183 <function CleanData.get_answ at 0x713a7753c900> finished.
2025-06-12 20:14:11,313 <function IDProcessing.get at 0x713ab6328e00> finished.
2025-06-12 20:14:32,994 get started.
2025-06-12 20:14:32,995 run started.
2025-06-12 20:14:33,011 <function CleanData.run at 0x77ac8dd291c0> finished.
2025-06-12 20:14:33,011 get_answ started.
2025-06-12 20:14:33,011 <function CleanData.get_answ at 0x77ac53548900> finished.
2025-06-12 20:14:33,147 <function IDProcessing.get at 0x77ac8dd28e00> finished.
2025-06-12 20:15:39,483 get started.
2025-06-12 20:15:39,484 run started.
2025-06-12 20:15:39,499 <function CleanData.run at 0x7609178311c0> finished.
2025-06-12 20:15:39,499 get_answ started.
2025-06-12 20:15:39,499 <function CleanData.get_answ at 0x7608d8c44900> finished.
2025-06-12 20:15:39,632 <function IDProcessing.get at 0x760917830e00> finished.
2025-06-12 20:16:46,372 get started.
2025-06-12 20:16:46,373 run started.
2025-06-12 20:16:46,389 <function CleanData.run at 0x7a30a54411c0> finished.
2025-06-12 20:16:46,389 get_answ started.
2025-06-12 20:16:46,389 <function CleanData.get_answ at 0x7a3066b64900> finished.
2025-06-12 20:16:46,523 <function IDProcessing.get at 0x7a30a5440e00> finished.
2025-06-12 20:19:11,933 get started.
2025-06-12 20:19:11,934 run started.
2025-06-12 20:19:11,950 <function CleanData.run at 0x77a23d72d1c0> finished.
2025-06-12 20:19:11,950 get_answ started.
2025-06-12 20:19:11,950 <function CleanData.get_answ at 0x77a1fea40900> finished.
2025-06-12 20:19:11,950 <function IDProcessing.get at 0x77a23d72ce00> finished.
2025-06-12 20:21:20,241 stared
>>>>>>> 3bae070376f79a271dae61ec530f49f6b0f00e1e
